This file contains any messages produced by compilers while
running configure, to aid debugging if configure makes a mistake.

It was created by iptables-ext-dns configure 1.2.1, which was
generated by GNU Autoconf 2.69.  Invocation command line was

  $ ./configure 

## --------- ##
## Platform. ##
## --------- ##

hostname = qingchen-PC
uname -m = x86_64
uname -r = 4.4.0-112-generic
uname -s = Linux
uname -v = #135-Ubuntu SMP Fri Jan 19 11:48:36 UTC 2018

/usr/bin/uname -p = unknown
/bin/uname -X     = unknown

/bin/arch              = unknown
/usr/bin/arch -k       = unknown
/usr/convex/getsysinfo = unknown
/usr/bin/hostinfo      = unknown
/bin/machine           = unknown
/usr/bin/oslevel       = unknown
/bin/universe          = unknown

PATH: /usr/local/sbin
PATH: /usr/local/bin
PATH: /usr/sbin
PATH: /usr/bin
PATH: /sbin
PATH: /bin
PATH: /snap/bin


## ----------- ##
## Core tests. ##
## ----------- ##

configure:2334: checking for a BSD-compatible install
configure:2402: result: /usr/bin/install -c
configure:2413: checking whether build environment is sane
configure:2468: result: yes
configure:2619: checking for a thread-safe mkdir -p
configure:2658: result: /bin/mkdir -p
configure:2665: checking for gawk
configure:2681: found /usr/bin/gawk
configure:2692: result: gawk
configure:2703: checking whether make sets $(MAKE)
configure:2725: result: yes
configure:2754: checking whether make supports nested variables
configure:2771: result: yes
configure:2950: checking for gcc
configure:2966: found /usr/bin/gcc
configure:2977: result: gcc
configure:3206: checking for C compiler version
configure:3215: gcc --version >&5
gcc (Ubuntu 5.4.0-6ubuntu1~16.04.4) 5.4.0 20160609
Copyright (C) 2015 Free Software Foundation, Inc.
This is free software; see the source for copying conditions.  There is NO
warranty; not even for MERCHANTABILITY or FITNESS FOR A PARTICULAR PURPOSE.

configure:3226: $? = 0
configure:3215: gcc -v >&5
Using built-in specs.
COLLECT_GCC=gcc
COLLECT_LTO_WRAPPER=/usr/lib/gcc/x86_64-linux-gnu/5/lto-wrapper
Target: x86_64-linux-gnu
Configured with: ../src/configure -v --with-pkgversion='Ubuntu 5.4.0-6ubuntu1~16.04.4' --with-bugurl=file:///usr/share/doc/gcc-5/README.Bugs --enable-languages=c,ada,c++,java,go,d,fortran,objc,obj-c++ --prefix=/usr --program-suffix=-5 --enable-shared --enable-linker-build-id --libexecdir=/usr/lib --without-included-gettext --enable-threads=posix --libdir=/usr/lib --enable-nls --with-sysroot=/ --enable-clocale=gnu --enable-libstdcxx-debug --enable-libstdcxx-time=yes --with-default-libstdcxx-abi=new --enable-gnu-unique-object --disable-vtable-verify --enable-libmpx --enable-plugin --with-system-zlib --disable-browser-plugin --enable-java-awt=gtk --enable-gtk-cairo --with-java-home=/usr/lib/jvm/java-1.5.0-gcj-5-amd64/jre --enable-java-home --with-jvm-root-dir=/usr/lib/jvm/java-1.5.0-gcj-5-amd64 --with-jvm-jar-dir=/usr/lib/jvm-exports/java-1.5.0-gcj-5-amd64 --with-arch-directory=amd64 --with-ecj-jar=/usr/share/java/eclipse-ecj.jar --enable-objc-gc --enable-multiarch --disable-werror --with-arch-32=i686 --with-abi=m64 --with-multilib-list=m32,m64,mx32 --enable-multilib --with-tune=generic --enable-checking=release --build=x86_64-linux-gnu --host=x86_64-linux-gnu --target=x86_64-linux-gnu
Thread model: posix
gcc version 5.4.0 20160609 (Ubuntu 5.4.0-6ubuntu1~16.04.4) 
configure:3226: $? = 0
configure:3215: gcc -V >&5
gcc: error: unrecognized command line option '-V'
gcc: fatal error: no input files
compilation terminated.
configure:3226: $? = 1
configure:3215: gcc -qversion >&5
gcc: error: unrecognized command line option '-qversion'
gcc: fatal error: no input files
compilation terminated.
configure:3226: $? = 1
configure:3246: checking whether the C compiler works
configure:3268: gcc    conftest.c  >&5
configure:3272: $? = 0
configure:3320: result: yes
configure:3323: checking for C compiler default output file name
configure:3325: result: a.out
configure:3331: checking for suffix of executables
configure:3338: gcc -o conftest    conftest.c  >&5
configure:3342: $? = 0
configure:3364: result: 
configure:3386: checking whether we are cross compiling
configure:3394: gcc -o conftest    conftest.c  >&5
configure:3398: $? = 0
configure:3405: ./conftest
configure:3409: $? = 0
configure:3424: result: no
configure:3429: checking for suffix of object files
configure:3451: gcc -c   conftest.c >&5
configure:3455: $? = 0
configure:3476: result: o
configure:3480: checking whether we are using the GNU C compiler
configure:3499: gcc -c   conftest.c >&5
configure:3499: $? = 0
configure:3508: result: yes
configure:3517: checking whether gcc accepts -g
configure:3537: gcc -c -g  conftest.c >&5
configure:3537: $? = 0
configure:3578: result: yes
configure:3595: checking for gcc option to accept ISO C89
configure:3658: gcc  -c -g -O2  conftest.c >&5
configure:3658: $? = 0
configure:3671: result: none needed
configure:3696: checking whether gcc understands -c and -o together
configure:3718: gcc -c conftest.c -o conftest2.o
configure:3721: $? = 0
configure:3718: gcc -c conftest.c -o conftest2.o
configure:3721: $? = 0
configure:3733: result: yes
configure:3761: checking for style of include used by make
configure:3789: result: GNU
configure:3815: checking dependency style of gcc
configure:3926: result: gcc3
configure:3945: checking for main in -lresolv
configure:3964: gcc -o conftest -g -O2   conftest.c -lresolv   >&5
configure:3964: $? = 0
configure:3973: result: yes
configure:3991: checking how to run the C preprocessor
configure:4022: gcc -E  conftest.c
configure:4022: $? = 0
configure:4036: gcc -E  conftest.c
conftest.c:12:28: fatal error: ac_nonexistent.h: No such file or directory
compilation terminated.
configure:4036: $? = 1
configure: failed program was:
| /* confdefs.h */
| #define PACKAGE_NAME "iptables-ext-dns"
| #define PACKAGE_TARNAME "iptables-mod-pktsize"
| #define PACKAGE_VERSION "1.2.1"
| #define PACKAGE_STRING "iptables-ext-dns 1.2.1"
| #define PACKAGE_BUGREPORT "mimuret@gmail.com"
| #define PACKAGE_URL ""
| #define PACKAGE "iptables-mod-pktsize"
| #define VERSION "1.2.1"
| #define HAVE_LIBRESOLV 1
| /* end confdefs.h.  */
| #include <ac_nonexistent.h>
configure:4061: result: gcc -E
configure:4081: gcc -E  conftest.c
configure:4081: $? = 0
configure:4095: gcc -E  conftest.c
conftest.c:12:28: fatal error: ac_nonexistent.h: No such file or directory
compilation terminated.
configure:4095: $? = 1
configure: failed program was:
| /* confdefs.h */
| #define PACKAGE_NAME "iptables-ext-dns"
| #define PACKAGE_TARNAME "iptables-mod-pktsize"
| #define PACKAGE_VERSION "1.2.1"
| #define PACKAGE_STRING "iptables-ext-dns 1.2.1"
| #define PACKAGE_BUGREPORT "mimuret@gmail.com"
| #define PACKAGE_URL ""
| #define PACKAGE "iptables-mod-pktsize"
| #define VERSION "1.2.1"
| #define HAVE_LIBRESOLV 1
| /* end confdefs.h.  */
| #include <ac_nonexistent.h>
configure:4124: checking for grep that handles long lines and -e
configure:4182: result: /bin/grep
configure:4187: checking for egrep
configure:4249: result: /bin/grep -E
configure:4254: checking for ANSI C header files
configure:4274: gcc -c -g -O2  conftest.c >&5
configure:4274: $? = 0
configure:4347: gcc -o conftest -g -O2   conftest.c -lresolv  >&5
configure:4347: $? = 0
configure:4347: ./conftest
configure:4347: $? = 0
configure:4358: result: yes
configure:4371: checking for sys/types.h
configure:4371: gcc -c -g -O2  conftest.c >&5
configure:4371: $? = 0
configure:4371: result: yes
configure:4371: checking for sys/stat.h
configure:4371: gcc -c -g -O2  conftest.c >&5
configure:4371: $? = 0
configure:4371: result: yes
configure:4371: checking for stdlib.h
configure:4371: gcc -c -g -O2  conftest.c >&5
configure:4371: $? = 0
configure:4371: result: yes
configure:4371: checking for string.h
configure:4371: gcc -c -g -O2  conftest.c >&5
configure:4371: $? = 0
configure:4371: result: yes
configure:4371: checking for memory.h
configure:4371: gcc -c -g -O2  conftest.c >&5
configure:4371: $? = 0
configure:4371: result: yes
configure:4371: checking for strings.h
configure:4371: gcc -c -g -O2  conftest.c >&5
configure:4371: $? = 0
configure:4371: result: yes
configure:4371: checking for inttypes.h
configure:4371: gcc -c -g -O2  conftest.c >&5
configure:4371: $? = 0
configure:4371: result: yes
configure:4371: checking for stdint.h
configure:4371: gcc -c -g -O2  conftest.c >&5
configure:4371: $? = 0
configure:4371: result: yes
configure:4371: checking for unistd.h
configure:4371: gcc -c -g -O2  conftest.c >&5
configure:4371: $? = 0
configure:4371: result: yes
configure:4386: checking netinet/in.h usability
configure:4386: gcc -c -g -O2  conftest.c >&5
configure:4386: $? = 0
configure:4386: result: yes
configure:4386: checking netinet/in.h presence
configure:4386: gcc -E  conftest.c
configure:4386: $? = 0
configure:4386: result: yes
configure:4386: checking for netinet/in.h
configure:4386: result: yes
configure:4386: checking for stdlib.h
configure:4386: result: yes
configure:4386: checking for string.h
configure:4386: result: yes
configure:4400: checking xtables.h usability
configure:4400: gcc -c -g -O2  conftest.c >&5
configure:4400: $? = 0
configure:4400: result: yes
configure:4400: checking xtables.h presence
configure:4400: gcc -E  conftest.c
configure:4400: $? = 0
configure:4400: result: yes
configure:4400: checking for xtables.h
configure:4400: result: yes
configure:4413: checking for stdbool.h that conforms to C99
configure:4480: gcc -c -g -O2  conftest.c >&5
configure:4480: $? = 0
configure:4487: result: yes
configure:4489: checking for _Bool
configure:4489: gcc -c -g -O2  conftest.c >&5
configure:4489: $? = 0
configure:4489: gcc -c -g -O2  conftest.c >&5
conftest.c: In function 'main':
conftest.c:62:20: error: expected expression before ')' token
 if (sizeof ((_Bool)))
                    ^
configure:4489: $? = 1
configure: failed program was:
| /* confdefs.h */
| #define PACKAGE_NAME "iptables-ext-dns"
| #define PACKAGE_TARNAME "iptables-mod-pktsize"
| #define PACKAGE_VERSION "1.2.1"
| #define PACKAGE_STRING "iptables-ext-dns 1.2.1"
| #define PACKAGE_BUGREPORT "mimuret@gmail.com"
| #define PACKAGE_URL ""
| #define PACKAGE "iptables-mod-pktsize"
| #define VERSION "1.2.1"
| #define HAVE_LIBRESOLV 1
| #define STDC_HEADERS 1
| #define HAVE_SYS_TYPES_H 1
| #define HAVE_SYS_STAT_H 1
| #define HAVE_STDLIB_H 1
| #define HAVE_STRING_H 1
| #define HAVE_MEMORY_H 1
| #define HAVE_STRINGS_H 1
| #define HAVE_INTTYPES_H 1
| #define HAVE_STDINT_H 1
| #define HAVE_UNISTD_H 1
| #define HAVE_NETINET_IN_H 1
| #define HAVE_STDLIB_H 1
| #define HAVE_STRING_H 1
| #define HAVE_XTABLES_H 1
| /* end confdefs.h.  */
| #include <stdio.h>
| #ifdef HAVE_SYS_TYPES_H
| # include <sys/types.h>
| #endif
| #ifdef HAVE_SYS_STAT_H
| # include <sys/stat.h>
| #endif
| #ifdef STDC_HEADERS
| # include <stdlib.h>
| # include <stddef.h>
| #else
| # ifdef HAVE_STDLIB_H
| #  include <stdlib.h>
| # endif
| #endif
| #ifdef HAVE_STRING_H
| # if !defined STDC_HEADERS && defined HAVE_MEMORY_H
| #  include <memory.h>
| # endif
| # include <string.h>
| #endif
| #ifdef HAVE_STRINGS_H
| # include <strings.h>
| #endif
| #ifdef HAVE_INTTYPES_H
| # include <inttypes.h>
| #endif
| #ifdef HAVE_STDINT_H
| # include <stdint.h>
| #endif
| #ifdef HAVE_UNISTD_H
| # include <unistd.h>
| #endif
| int
| main ()
| {
| if (sizeof ((_Bool)))
| 	    return 0;
|   ;
|   return 0;
| }
configure:4489: result: yes
configure:4513: checking for strcasecmp
configure:4513: gcc -o conftest -g -O2   conftest.c -lresolv  >&5
conftest.c:51:6: warning: conflicting types for built-in function 'strcasecmp'
 char strcasecmp ();
      ^
configure:4513: $? = 0
configure:4513: result: yes
configure:4513: checking for strdup
configure:4513: gcc -o conftest -g -O2   conftest.c -lresolv  >&5
conftest.c:52:6: warning: conflicting types for built-in function 'strdup'
 char strdup ();
      ^
configure:4513: $? = 0
configure:4513: result: yes
configure:4531: checking whether to enable debuging
configure:4542: result: no
configure:4553: checking whether to enable check-ipv6
configure:4556: result: yes
configure:4601: checking build system type
configure:4615: result: x86_64-pc-linux-gnu
configure:4635: checking host system type
configure:4648: result: x86_64-pc-linux-gnu
configure:4689: checking how to print strings
configure:4716: result: printf
configure:4737: checking for a sed that does not truncate output
configure:4801: result: /bin/sed
configure:4819: checking for fgrep
configure:4881: result: /bin/grep -F
configure:4916: checking for ld used by gcc
configure:4983: result: /usr/bin/ld
configure:4990: checking if the linker (/usr/bin/ld) is GNU ld
configure:5005: result: yes
configure:5017: checking for BSD- or MS-compatible name lister (nm)
configure:5071: result: /usr/bin/nm -B
configure:5201: checking the name lister (/usr/bin/nm -B) interface
configure:5208: gcc -c -g -O2  conftest.c >&5
configure:5211: /usr/bin/nm -B "conftest.o"
configure:5214: output
0000000000000000 B some_variable
configure:5221: result: BSD nm
configure:5224: checking whether ln -s works
configure:5228: result: yes
configure:5236: checking the maximum length of command line arguments
configure:5367: result: 1572864
configure:5415: checking how to convert x86_64-pc-linux-gnu file names to x86_64-pc-linux-gnu format
configure:5455: result: func_convert_file_noop
configure:5462: checking how to convert x86_64-pc-linux-gnu file names to toolchain format
configure:5482: result: func_convert_file_noop
configure:5489: checking for /usr/bin/ld option to reload object files
configure:5496: result: -r
configure:5570: checking for objdump
configure:5586: found /usr/bin/objdump
configure:5597: result: objdump
configure:5629: checking how to recognize dependent libraries
configure:5829: result: pass_all
configure:5914: checking for dlltool
configure:5944: result: no
configure:5974: checking how to associate runtime and link libraries
configure:6001: result: printf %s\n
configure:6061: checking for ar
configure:6077: found /usr/bin/ar
configure:6088: result: ar
configure:6125: checking for archiver @FILE support
configure:6142: gcc -c -g -O2  conftest.c >&5
configure:6142: $? = 0
configure:6145: ar cru libconftest.a @conftest.lst >&5
ar: `u' modifier ignored since `D' is the default (see `U')
configure:6148: $? = 0
configure:6153: ar cru libconftest.a @conftest.lst >&5
ar: `u' modifier ignored since `D' is the default (see `U')
ar: conftest.o: No such file or directory
configure:6156: $? = 1
configure:6168: result: @
configure:6226: checking for strip
configure:6242: found /usr/bin/strip
configure:6253: result: strip
configure:6325: checking for ranlib
configure:6341: found /usr/bin/ranlib
configure:6352: result: ranlib
configure:6454: checking command to parse /usr/bin/nm -B output from gcc object
configure:6607: gcc -c -g -O2  conftest.c >&5
configure:6610: $? = 0
configure:6614: /usr/bin/nm -B conftest.o \| sed -n -e 's/^.*[ ]\([ABCDGIRSTW][ABCDGIRSTW]*\)[ ][ ]*\([_A-Za-z][_A-Za-z0-9]*\)$/\1 \2 \2/p' | sed '/ __gnu_lto/d' \> conftest.nm
configure:6617: $? = 0
configure:6683: gcc -o conftest -g -O2   conftest.c conftstm.o >&5
configure:6686: $? = 0
configure:6724: result: ok
configure:6771: checking for sysroot
configure:6801: result: no
configure:6808: checking for a working dd
configure:6846: result: /bin/dd
configure:6850: checking how to truncate binary pipes
configure:6865: result: /bin/dd bs=4096 count=1
configure:7001: gcc -c -g -O2  conftest.c >&5
configure:7004: $? = 0
configure:7194: checking for mt
configure:7210: found /bin/mt
configure:7221: result: mt
configure:7244: checking if mt is a manifest tool
configure:7250: mt '-?'
configure:7258: result: no
configure:7932: checking for dlfcn.h
configure:7932: gcc -c -g -O2  conftest.c >&5
configure:7932: $? = 0
configure:7932: result: yes
configure:8188: checking for objdir
configure:8203: result: .libs
configure:8463: checking if gcc supports -fno-rtti -fno-exceptions
configure:8481: gcc -c -g -O2  -fno-rtti -fno-exceptions conftest.c >&5
cc1: warning: command line option '-fno-rtti' is valid for C++/ObjC++ but not for C
configure:8485: $? = 0
configure:8498: result: no
configure:8856: checking for gcc option to produce PIC
configure:8863: result: -fPIC -DPIC
configure:8871: checking if gcc PIC flag -fPIC -DPIC works
configure:8889: gcc -c -g -O2  -fPIC -DPIC -DPIC conftest.c >&5
configure:8893: $? = 0
configure:8906: result: yes
configure:8935: checking if gcc static flag -static works
configure:8963: result: yes
configure:8978: checking if gcc supports -c -o file.o
configure:8999: gcc -c -g -O2  -o out/conftest2.o conftest.c >&5
configure:9003: $? = 0
configure:9025: result: yes
configure:9033: checking if gcc supports -c -o file.o
configure:9080: result: yes
configure:9113: checking whether the gcc linker (/usr/bin/ld -m elf_x86_64) supports shared libraries
configure:10376: result: yes
configure:10413: checking whether -lc should be explicitly linked in
configure:10421: gcc -c -g -O2  conftest.c >&5
configure:10424: $? = 0
configure:10439: gcc -shared  -fPIC -DPIC conftest.o  -v -Wl,-soname -Wl,conftest -o conftest 2\>\&1 \| /bin/grep  -lc  \>/dev/null 2\>\&1
configure:10442: $? = 0
configure:10456: result: no
configure:10616: checking dynamic linker characteristics
configure:11197: gcc -o conftest -g -O2   -Wl,-rpath -Wl,/foo conftest.c -lresolv  >&5
configure:11197: $? = 0
configure:11446: result: GNU/Linux ld.so
configure:11568: checking how to hardcode library paths into programs
configure:11593: result: immediate
configure:12141: checking whether stripping libraries is possible
configure:12146: result: yes
configure:12181: checking if libtool supports shared libraries
configure:12183: result: yes
configure:12186: checking whether to build shared libraries
configure:12211: result: yes
configure:12214: checking whether to build static libraries
configure:12218: result: yes
configure:12364: checking that generated files are newer than configure
configure:12370: result: done
configure:12393: creating ./config.status

## ---------------------- ##
## Running config.status. ##
## ---------------------- ##

This file was extended by iptables-ext-dns config.status 1.2.1, which was
generated by GNU Autoconf 2.69.  Invocation command line was

  CONFIG_FILES    = 
  CONFIG_HEADERS  = 
  CONFIG_LINKS    = 
  CONFIG_COMMANDS = 
  $ ./config.status 

on qingchen-PC

config.status:1101: creating Makefile
config.status:1101: creating extensions/Makefile
config.status:1101: creating test/Makefile
config.status:1101: creating test/common/Makefile
config.status:1101: creating test/ipv4/Makefile
config.status:1101: creating test/ipv6/Makefile
config.status:1101: creating iptables-mod-pktsize.spec
config.status:1101: creating include/autoconfig.h
config.status:1330: executing depfiles commands
config.status:1330: executing libtool commands

## ---------------- ##
## Cache variables. ##
## ---------------- ##

ac_cv_build=x86_64-pc-linux-gnu
ac_cv_c_compiler_gnu=yes
ac_cv_env_CC_set=
ac_cv_env_CC_value=
ac_cv_env_CFLAGS_set=
ac_cv_env_CFLAGS_value=
ac_cv_env_CPPFLAGS_set=
ac_cv_env_CPPFLAGS_value=
ac_cv_env_CPP_set=
ac_cv_env_CPP_value=
ac_cv_env_LDFLAGS_set=
ac_cv_env_LDFLAGS_value=
ac_cv_env_LIBS_set=
ac_cv_env_LIBS_value=
ac_cv_env_LT_SYS_LIBRARY_PATH_set=
ac_cv_env_LT_SYS_LIBRARY_PATH_value=
ac_cv_env_build_alias_set=
ac_cv_env_build_alias_value=
ac_cv_env_host_alias_set=
ac_cv_env_host_alias_value=
ac_cv_env_target_alias_set=
ac_cv_env_target_alias_value=
ac_cv_func_strcasecmp=yes
ac_cv_func_strdup=yes
ac_cv_header_dlfcn_h=yes
ac_cv_header_inttypes_h=yes
ac_cv_header_memory_h=yes
ac_cv_header_netinet_in_h=yes
ac_cv_header_stdbool_h=yes
ac_cv_header_stdc=yes
ac_cv_header_stdint_h=yes
ac_cv_header_stdlib_h=yes
ac_cv_header_string_h=yes
ac_cv_header_strings_h=yes
ac_cv_header_sys_stat_h=yes
ac_cv_header_sys_types_h=yes
ac_cv_header_unistd_h=yes
ac_cv_header_xtables_h=yes
ac_cv_host=x86_64-pc-linux-gnu
ac_cv_lib_resolv_main=yes
ac_cv_objext=o
ac_cv_path_EGREP='/bin/grep -E'
ac_cv_path_FGREP='/bin/grep -F'
ac_cv_path_GREP=/bin/grep
ac_cv_path_SED=/bin/sed
ac_cv_path_install='/usr/bin/install -c'
ac_cv_path_lt_DD=/bin/dd
ac_cv_path_mkdir=/bin/mkdir
ac_cv_prog_AWK=gawk
ac_cv_prog_CPP='gcc -E'
ac_cv_prog_ac_ct_AR=ar
ac_cv_prog_ac_ct_CC=gcc
ac_cv_prog_ac_ct_MANIFEST_TOOL=mt
ac_cv_prog_ac_ct_OBJDUMP=objdump
ac_cv_prog_ac_ct_RANLIB=ranlib
ac_cv_prog_ac_ct_STRIP=strip
ac_cv_prog_cc_c89=
ac_cv_prog_cc_g=yes
ac_cv_prog_make_make_set=yes
ac_cv_type__Bool=yes
am_cv_CC_dependencies_compiler_type=gcc3
am_cv_make_support_nested_variables=yes
am_cv_prog_cc_c_o=yes
lt_cv_ar_at_file=@
lt_cv_archive_cmds_need_lc=no
lt_cv_deplibs_check_method=pass_all
lt_cv_file_magic_cmd='$MAGIC_CMD'
lt_cv_file_magic_test_file=
lt_cv_ld_reload_flag=-r
lt_cv_nm_interface='BSD nm'
lt_cv_objdir=.libs
lt_cv_path_LD=/usr/bin/ld
lt_cv_path_NM='/usr/bin/nm -B'
lt_cv_path_mainfest_tool=no
lt_cv_prog_compiler_c_o=yes
lt_cv_prog_compiler_pic='-fPIC -DPIC'
lt_cv_prog_compiler_pic_works=yes
lt_cv_prog_compiler_rtti_exceptions=no
lt_cv_prog_compiler_static_works=yes
lt_cv_prog_gnu_ld=yes
lt_cv_sharedlib_from_linklib_cmd='printf %s\n'
lt_cv_shlibpath_overrides_runpath=no
lt_cv_sys_global_symbol_pipe='sed -n -e '\''s/^.*[	 ]\([ABCDGIRSTW][ABCDGIRSTW]*\)[	 ][	 ]*\([_A-Za-z][_A-Za-z0-9]*\)$/\1 \2 \2/p'\'' | sed '\''/ __gnu_lto/d'\'''
lt_cv_sys_global_symbol_to_c_name_address='sed -n -e '\''s/^: \(.*\) .*$/  {"\1", (void *) 0},/p'\'' -e '\''s/^[ABCDGIRSTW][ABCDGIRSTW]* .* \(.*\)$/  {"\1", (void *) \&\1},/p'\'''
lt_cv_sys_global_symbol_to_c_name_address_lib_prefix='sed -n -e '\''s/^: \(.*\) .*$/  {"\1", (void *) 0},/p'\'' -e '\''s/^[ABCDGIRSTW][ABCDGIRSTW]* .* \(lib.*\)$/  {"\1", (void *) \&\1},/p'\'' -e '\''s/^[ABCDGIRSTW][ABCDGIRSTW]* .* \(.*\)$/  {"lib\1", (void *) \&\1},/p'\'''
lt_cv_sys_global_symbol_to_cdecl='sed -n -e '\''s/^T .* \(.*\)$/extern int \1();/p'\'' -e '\''s/^[ABCDGIRSTW][ABCDGIRSTW]* .* \(.*\)$/extern char \1;/p'\'''
lt_cv_sys_global_symbol_to_import=
lt_cv_sys_max_cmd_len=1572864
lt_cv_to_host_file_cmd=func_convert_file_noop
lt_cv_to_tool_file_cmd=func_convert_file_noop
lt_cv_truncate_bin='/bin/dd bs=4096 count=1'

## ----------------- ##
## Output variables. ##
## ----------------- ##

ACLOCAL='${SHELL} /media/qingchen/228AA06D8AA03EE3/iptables-mod-pktsize/misc/missing aclocal-1.15'
AMDEPBACKSLASH='\'
AMDEP_FALSE='#'
AMDEP_TRUE=''
AMTAR='$${TAR-tar}'
AM_BACKSLASH='\'
AM_DEFAULT_V='$(AM_DEFAULT_VERBOSITY)'
AM_DEFAULT_VERBOSITY='1'
AM_V='$(V)'
AR='ar'
AUTOCONF='${SHELL} /media/qingchen/228AA06D8AA03EE3/iptables-mod-pktsize/misc/missing autoconf'
AUTOHEADER='${SHELL} /media/qingchen/228AA06D8AA03EE3/iptables-mod-pktsize/misc/missing autoheader'
AUTOMAKE='${SHELL} /media/qingchen/228AA06D8AA03EE3/iptables-mod-pktsize/misc/missing automake-1.15'
AWK='gawk'
CC='gcc'
CCDEPMODE='depmode=gcc3'
CFLAGS='-g -O2'
CPP='gcc -E'
CPPFLAGS=''
CYGPATH_W='echo'
DEFS='-DHAVE_CONFIG_H'
DEPDIR='.deps'
DLLTOOL='false'
DSYMUTIL=''
DUMPBIN=''
ECHO_C=''
ECHO_N='-n'
ECHO_T=''
EGREP='/bin/grep -E'
EXEEXT=''
FGREP='/bin/grep -F'
GREP='/bin/grep'
INSTALL_DATA='${INSTALL} -m 644'
INSTALL_PROGRAM='${INSTALL}'
INSTALL_SCRIPT='${INSTALL}'
INSTALL_STRIP_PROGRAM='$(install_sh) -c -s'
LD='/usr/bin/ld -m elf_x86_64'
LDFLAGS=''
LIBOBJS=''
LIBS='-lresolv '
LIBTOOL='$(SHELL) $(top_builddir)/libtool'
LIPO=''
LN_S='ln -s'
LTLIBOBJS=''
LT_SYS_LIBRARY_PATH=''
MAKEINFO='${SHELL} /media/qingchen/228AA06D8AA03EE3/iptables-mod-pktsize/misc/missing makeinfo'
MANIFEST_TOOL=':'
MKDIR_P='/bin/mkdir -p'
NM='/usr/bin/nm -B'
NMEDIT=''
OBJDUMP='objdump'
OBJEXT='o'
OTOOL64=''
OTOOL=''
PACKAGE='iptables-mod-pktsize'
PACKAGE_BUGREPORT='mimuret@gmail.com'
PACKAGE_NAME='iptables-ext-dns'
PACKAGE_STRING='iptables-ext-dns 1.2.1'
PACKAGE_TARNAME='iptables-mod-pktsize'
PACKAGE_URL=''
PACKAGE_VERSION='1.2.1'
PATH_SEPARATOR=':'
RANLIB='ranlib'
RUN_TESTS='common ipv4 ipv6'
SED='/bin/sed'
SET_MAKE=''
SHELL='/bin/bash'
STRIP='strip'
VERSION='1.2.1'
VERSION_INFO='1:2:1'
ac_ct_AR='ar'
ac_ct_CC='gcc'
ac_ct_DUMPBIN=''
am__EXEEXT_FALSE=''
am__EXEEXT_TRUE='#'
am__fastdepCC_FALSE='#'
am__fastdepCC_TRUE=''
am__include='include'
am__isrc=''
am__leading_dot='.'
am__nodep='_no'
am__quote=''
am__tar='$${TAR-tar} chof - "$$tardir"'
am__untar='$${TAR-tar} xf -'
bindir='${exec_prefix}/bin'
build='x86_64-pc-linux-gnu'
build_alias=''
build_cpu='x86_64'
build_os='linux-gnu'
build_vendor='pc'
datadir='${datarootdir}'
datarootdir='${prefix}/share'
docdir='${datarootdir}/doc/${PACKAGE_TARNAME}'
dvidir='${docdir}'
exec_prefix='${prefix}'
host='x86_64-pc-linux-gnu'
host_alias=''
host_cpu='x86_64'
host_os='linux-gnu'
host_vendor='pc'
htmldir='${docdir}'
includedir='${prefix}/include'
infodir='${datarootdir}/info'
install_sh='${SHELL} /media/qingchen/228AA06D8AA03EE3/iptables-mod-pktsize/misc/install-sh'
libdir='${exec_prefix}/lib'
libexecdir='${exec_prefix}/libexec'
localedir='${datarootdir}/locale'
localstatedir='${prefix}/var'
mandir='${datarootdir}/man'
mkdir_p='$(MKDIR_P)'
oldincludedir='/usr/include'
pdfdir='${docdir}'
prefix='/usr/local'
program_transform_name='s,x,x,'
psdir='${docdir}'
runstatedir='${localstatedir}/run'
sbindir='${exec_prefix}/sbin'
sharedstatedir='${prefix}/com'
sysconfdir='${prefix}/etc'
target_alias=''

## ----------- ##
## confdefs.h. ##
## ----------- ##

/* confdefs.h */
#define PACKAGE_NAME "iptables-ext-dns"
#define PACKAGE_TARNAME "iptables-mod-pktsize"
#define PACKAGE_VERSION "1.2.1"
#define PACKAGE_STRING "iptables-ext-dns 1.2.1"
#define PACKAGE_BUGREPORT "mimuret@gmail.com"
#define PACKAGE_URL ""
#define PACKAGE "iptables-mod-pktsize"
#define VERSION "1.2.1"
#define HAVE_LIBRESOLV 1
#define STDC_HEADERS 1
#define HAVE_SYS_TYPES_H 1
#define HAVE_SYS_STAT_H 1
#define HAVE_STDLIB_H 1
#define HAVE_STRING_H 1
#define HAVE_MEMORY_H 1
#define HAVE_STRINGS_H 1
#define HAVE_INTTYPES_H 1
#define HAVE_STDINT_H 1
#define HAVE_UNISTD_H 1
#define HAVE_NETINET_IN_H 1
#define HAVE_STDLIB_H 1
#define HAVE_STRING_H 1
#define HAVE_XTABLES_H 1
#define HAVE__BOOL 1
#define HAVE_STDBOOL_H 1
#define HAVE_STRCASECMP 1
#define HAVE_STRDUP 1
#define HAVE_DLFCN_H 1
#define LT_OBJDIR ".libs/"

configure: exit 0
